{"C:\\Users\\ak390\\Documents\\my-project\\src\\components\\ContactUs.jsx": {"path":"C:\\Users\\ak390\\Documents\\my-project\\src\\components\\ContactUs.jsx","statementMap":{"0":{"start":{"line":3,"column":18},"end":{"line":70,"column":1}},"1":{"start":{"line":4,"column":2},"end":{"line":69,"column":4}}},"fnMap":{"0":{"name":"(anonymous_0)","decl":{"start":{"line":3,"column":18},"end":{"line":3,"column":19}},"loc":{"start":{"line":3,"column":24},"end":{"line":70,"column":1}},"line":3}},"branchMap":{},"s":{"0":1,"1":1},"f":{"0":1},"b":{},"_coverageSchema":"1a1c01bbd47fc00a2c39e90264f33305004495a9","hash":"c6002e1abe6e0504f9dc21ffa23ec1ef7d412d8f"}
,"C:\\Users\\ak390\\Documents\\my-project\\src\\components\\sum.jsx": {"path":"C:\\Users\\ak390\\Documents\\my-project\\src\\components\\sum.jsx","statementMap":{"0":{"start":{"line":2,"column":1},"end":{"line":2,"column":14}}},"fnMap":{"0":{"name":"sum","decl":{"start":{"line":1,"column":17},"end":{"line":1,"column":20}},"loc":{"start":{"line":1,"column":27},"end":{"line":3,"column":1}},"line":1}},"branchMap":{},"s":{"0":1},"f":{"0":1},"b":{},"_coverageSchema":"1a1c01bbd47fc00a2c39e90264f33305004495a9","hash":"999a298f5ba8bef21addea340a6c71e9061b7e73"}
}
